Success (9):
content 71575 _a-0000e747-d999-8000-9be2-011c48011c48_1560059 "Client Portal Interfaces"
content 73737 _a-0000e747-d999-8000-9be2-011c48011c48_1592710 "Client Portal Expressions"
content 74286 _a-0000e747-d999-8000-9be2-011c48011c48_1604197 "CP_TemasysTestingComponent"
content 98678 _a-0000e7ec-cf62-8000-9bf8-011c48011c48_2335225 "ICP_TEXT_APP_NAME"
content 98819 _a-0000e7ec-cf62-8000-9bf8-011c48011c48_2338478 "ICP_TEXT_LOOKUP_VALUE_REMINDER_TYPE_STAGE_COMPLETION_REMINDER"
content 99018 _a-0000e7ec-cf62-8000-9bf8-011c48011c48_2341523 "ICP_emailBodySiteURL"
content 99457 _a-0000e7ec-cf62-8000-9bf8-011c48011c48_2353262 "ICP_TEXT_LOOKUP_VALUE_REMINDER_TYPE_TASK_OVERDUE_REMINDER"
content 99459 _a-0000e7ec-cf62-8000-9bf8-011c48011c48_2353280 "ICP_TEXT_LOOKUP_VALUE_REMINDER_TYPE_TASK_COMPLETION_REMINDER"
content 99597 _a-0000e7ec-cf62-8000-9bf8-011c48011c48_2355300 "CP_emailBodyForNotification"

Referenced precedents that were not exported (5):
group 1255 _e-0000e79c-47a1-8000-9b3a-01075c01075c_2712
group 1 SYSTEM_GROUP_PORTAL_ADMINISTRATORS
content 86842 _a-0000e7bf-e099-8000-9bf5-011c48011c48_2018886
content 98984 _a-0000e7ec-cf62-8000-9bf8-011c48011c48_2341516
content 86837 620aa48d-94e8-4b16-b38d-8e68dbf22c4a

Trace:
2022-04-06 01:40:07.533 DEBUG content 71575 _a-0000e747-d999-8000-9be2-011c48011c48_1560059 Begin transport.
2022-04-06 01:40:07.533 DEBUG content 71575 _a-0000e747-d999-8000-9be2-011c48011c48_1560059 Retrieving object data.
2022-04-06 01:40:07.542 DEBUG content 71575 _a-0000e747-d999-8000-9be2-011c48011c48_1560059 Setting uuids of object references.
2022-04-06 01:40:07.542 DEBUG content 71575 _a-0000e747-d999-8000-9be2-011c48011c48_1560059 Processing reference: RulesFolder.forum
2022-04-06 01:40:07.542 DEBUG content 71575 _a-0000e747-d999-8000-9be2-011c48011c48_1560059 Processing reference: RulesFolder.parent
2022-04-06 01:40:07.545 DEBUG content 71575 _a-0000e747-d999-8000-9be2-011c48011c48_1560059 Processing reference: com.appiancorp.suiteapi.content.ContentRoleMap@73ef0ff1[
  ContentRole[name=readers,groupIds=[1255],inherit=false,allowForAll=false]
  ContentRole[name=authors,inherit=false,allowForAll=false]
  ContentRole[name=administrators,groupIds=[1],inherit=false,allowForAll=false]
  ContentRole[name=denyReaders,inherit=false,allowForAll=false]
  ContentRole[name=denyAuthors,inherit=false,allowForAll=false]
  ContentRole[name=denyAdministrators,inherit=false,allowForAll=false]
  securityVector=1:SEC_PUBLIC=true,SEC_CREATOR_ADMIN=false,SEC_INH_ADMIN=false,SEC_INH_EDITOR=false,SEC_INH_VIEWER=false,SEC_ALL_ADMIN=false,SEC_ALL_EDITOR=false,SEC_ALL_VIEWER=false
]
2022-04-06 01:40:07.545 DEBUG content 71575 _a-0000e747-d999-8000-9be2-011c48011c48_1560059 Processing reference: ContentRole[name=readers,groupIds=[1255],inherit=false,allowForAll=false]
2022-04-06 01:40:07.547 DEBUG content 71575 _a-0000e747-d999-8000-9be2-011c48011c48_1560059 Processing reference: ContentRole[name=authors,inherit=false,allowForAll=false]
2022-04-06 01:40:07.547 DEBUG content 71575 _a-0000e747-d999-8000-9be2-011c48011c48_1560059 Processing reference: ContentRole[name=administrators,groupIds=[1],inherit=false,allowForAll=false]
2022-04-06 01:40:07.549 DEBUG content 71575 _a-0000e747-d999-8000-9be2-011c48011c48_1560059 Processing reference: ContentRole[name=denyReaders,inherit=false,allowForAll=false]
2022-04-06 01:40:07.549 DEBUG content 71575 _a-0000e747-d999-8000-9be2-011c48011c48_1560059 Processing reference: ContentRole[name=denyAuthors,inherit=false,allowForAll=false]
2022-04-06 01:40:07.549 DEBUG content 71575 _a-0000e747-d999-8000-9be2-011c48011c48_1560059 Processing reference: ContentRole[name=denyAdministrators,inherit=false,allowForAll=false]
2022-04-06 01:40:07.549 DEBUG content 71575 _a-0000e747-d999-8000-9be2-011c48011c48_1560059 Completing produce.
2022-04-06 01:40:07.549 DEBUG content 71575 _a-0000e747-d999-8000-9be2-011c48011c48_1560059 Exporting binary resources.
2022-04-06 01:40:07.549 DEBUG content 71575 _a-0000e747-d999-8000-9be2-011c48011c48_1560059 Serializing object to XML.
2022-04-06 01:40:07.549 DEBUG content 71575 _a-0000e747-d999-8000-9be2-011c48011c48_1560059 Object transported.
2022-04-06 01:40:07.549 DEBUG content 73737 _a-0000e747-d999-8000-9be2-011c48011c48_1592710 Begin transport.
2022-04-06 01:40:07.549 DEBUG content 73737 _a-0000e747-d999-8000-9be2-011c48011c48_1592710 Retrieving object data.
2022-04-06 01:40:07.557 DEBUG content 73737 _a-0000e747-d999-8000-9be2-011c48011c48_1592710 Setting uuids of object references.
2022-04-06 01:40:07.557 DEBUG content 73737 _a-0000e747-d999-8000-9be2-011c48011c48_1592710 Processing reference: RulesFolder.forum
2022-04-06 01:40:07.558 DEBUG content 73737 _a-0000e747-d999-8000-9be2-011c48011c48_1592710 Processing reference: RulesFolder.parent
2022-04-06 01:40:07.561 DEBUG content 73737 _a-0000e747-d999-8000-9be2-011c48011c48_1592710 Processing reference: com.appiancorp.suiteapi.content.ContentRoleMap@377bbc00[
  ContentRole[name=readers,groupIds=[1255],inherit=false,allowForAll=false]
  ContentRole[name=authors,inherit=false,allowForAll=false]
  ContentRole[name=administrators,groupIds=[1],inherit=false,allowForAll=false]
  ContentRole[name=denyReaders,inherit=false,allowForAll=false]
  ContentRole[name=denyAuthors,inherit=false,allowForAll=false]
  ContentRole[name=denyAdministrators,inherit=false,allowForAll=false]
  securityVector=1:SEC_PUBLIC=true,SEC_CREATOR_ADMIN=false,SEC_INH_ADMIN=false,SEC_INH_EDITOR=false,SEC_INH_VIEWER=false,SEC_ALL_ADMIN=false,SEC_ALL_EDITOR=false,SEC_ALL_VIEWER=false
]
2022-04-06 01:40:07.561 DEBUG content 73737 _a-0000e747-d999-8000-9be2-011c48011c48_1592710 Processing reference: ContentRole[name=readers,groupIds=[1255],inherit=false,allowForAll=false]
2022-04-06 01:40:07.562 DEBUG content 73737 _a-0000e747-d999-8000-9be2-011c48011c48_1592710 Processing reference: ContentRole[name=authors,inherit=false,allowForAll=false]
2022-04-06 01:40:07.562 DEBUG content 73737 _a-0000e747-d999-8000-9be2-011c48011c48_1592710 Processing reference: ContentRole[name=administrators,groupIds=[1],inherit=false,allowForAll=false]
2022-04-06 01:40:07.564 DEBUG content 73737 _a-0000e747-d999-8000-9be2-011c48011c48_1592710 Processing reference: ContentRole[name=denyReaders,inherit=false,allowForAll=false]
2022-04-06 01:40:07.564 DEBUG content 73737 _a-0000e747-d999-8000-9be2-011c48011c48_1592710 Processing reference: ContentRole[name=denyAuthors,inherit=false,allowForAll=false]
2022-04-06 01:40:07.564 DEBUG content 73737 _a-0000e747-d999-8000-9be2-011c48011c48_1592710 Processing reference: ContentRole[name=denyAdministrators,inherit=false,allowForAll=false]
2022-04-06 01:40:07.564 DEBUG content 73737 _a-0000e747-d999-8000-9be2-011c48011c48_1592710 Completing produce.
2022-04-06 01:40:07.564 DEBUG content 73737 _a-0000e747-d999-8000-9be2-011c48011c48_1592710 Exporting binary resources.
2022-04-06 01:40:07.564 DEBUG content 73737 _a-0000e747-d999-8000-9be2-011c48011c48_1592710 Serializing object to XML.
2022-04-06 01:40:07.564 DEBUG content 73737 _a-0000e747-d999-8000-9be2-011c48011c48_1592710 Object transported.
2022-04-06 01:40:07.564 DEBUG content 74286 _a-0000e747-d999-8000-9be2-011c48011c48_1604197 Begin transport.
2022-04-06 01:40:07.564 DEBUG content 74286 _a-0000e747-d999-8000-9be2-011c48011c48_1604197 Retrieving object data.
2022-04-06 01:40:07.574 DEBUG content 74286 _a-0000e747-d999-8000-9be2-011c48011c48_1604197 Setting uuids of object references.
2022-04-06 01:40:07.574 DEBUG content 74286 _a-0000e747-d999-8000-9be2-011c48011c48_1604197 Processing reference: [Content:id=74286,versionId=-1,name=CP_TemasysTestingComponent,type=32,subtype=6,uuid=_a-0000e747-d999-8000-9be2-011c48011c48_1604197,parent=71575]
2022-04-06 01:40:07.574 DEBUG content 74286 _a-0000e747-d999-8000-9be2-011c48011c48_1604197 Processing reference: Interface.forum
2022-04-06 01:40:07.574 DEBUG content 74286 _a-0000e747-d999-8000-9be2-011c48011c48_1604197 Processing reference: Interface.parent
2022-04-06 01:40:07.577 DEBUG content 74286 _a-0000e747-d999-8000-9be2-011c48011c48_1604197 Processing reference: com.appiancorp.suiteapi.content.ContentRoleMap@71a551c6[
  ContentRole[name=readers,inherit=true,allowForAll=false]
  ContentRole[name=authors,inherit=true,allowForAll=false]
  ContentRole[name=administrators,inherit=true,allowForAll=false]
  ContentRole[name=denyReaders,inherit=false,allowForAll=false]
  ContentRole[name=denyAuthors,inherit=false,allowForAll=false]
  ContentRole[name=denyAdministrators,inherit=false,allowForAll=false]
  securityVector=15:SEC_PUBLIC=true,SEC_CREATOR_ADMIN=false,SEC_INH_ADMIN=true,SEC_INH_EDITOR=true,SEC_INH_VIEWER=true,SEC_ALL_ADMIN=false,SEC_ALL_EDITOR=false,SEC_ALL_VIEWER=false
]
2022-04-06 01:40:07.577 DEBUG content 74286 _a-0000e747-d999-8000-9be2-011c48011c48_1604197 Processing reference: ContentRole[name=readers,inherit=true,allowForAll=false]
2022-04-06 01:40:07.577 DEBUG content 74286 _a-0000e747-d999-8000-9be2-011c48011c48_1604197 Processing reference: ContentRole[name=authors,inherit=true,allowForAll=false]
2022-04-06 01:40:07.577 DEBUG content 74286 _a-0000e747-d999-8000-9be2-011c48011c48_1604197 Processing reference: ContentRole[name=administrators,inherit=true,allowForAll=false]
2022-04-06 01:40:07.577 DEBUG content 74286 _a-0000e747-d999-8000-9be2-011c48011c48_1604197 Processing reference: ContentRole[name=denyReaders,inherit=false,allowForAll=false]
2022-04-06 01:40:07.577 DEBUG content 74286 _a-0000e747-d999-8000-9be2-011c48011c48_1604197 Processing reference: ContentRole[name=denyAuthors,inherit=false,allowForAll=false]
2022-04-06 01:40:07.577 DEBUG content 74286 _a-0000e747-d999-8000-9be2-011c48011c48_1604197 Processing reference: ContentRole[name=denyAdministrators,inherit=false,allowForAll=false]
2022-04-06 01:40:07.577 DEBUG content 74286 _a-0000e747-d999-8000-9be2-011c48011c48_1604197 Completing produce.
2022-04-06 01:40:07.577 DEBUG content 74286 _a-0000e747-d999-8000-9be2-011c48011c48_1604197 Exporting binary resources.
2022-04-06 01:40:07.577 DEBUG content 74286 _a-0000e747-d999-8000-9be2-011c48011c48_1604197 Serializing object to XML.
2022-04-06 01:40:07.578 DEBUG content 74286 _a-0000e747-d999-8000-9be2-011c48011c48_1604197 Object transported.
2022-04-06 01:40:07.578 DEBUG content 98678 _a-0000e7ec-cf62-8000-9bf8-011c48011c48_2335225 Begin transport.
2022-04-06 01:40:07.578 DEBUG content 98678 _a-0000e7ec-cf62-8000-9bf8-011c48011c48_2335225 Retrieving object data.
2022-04-06 01:40:07.586 DEBUG content 98678 _a-0000e7ec-cf62-8000-9bf8-011c48011c48_2335225 Setting uuids of object references.
2022-04-06 01:40:07.586 DEBUG content 98678 _a-0000e7ec-cf62-8000-9bf8-011c48011c48_2335225 Processing reference: [Content:id=98678,versionId=-1,name=ICP_TEXT_APP_NAME,type=32,subtype=0,uuid=_a-0000e7ec-cf62-8000-9bf8-011c48011c48_2335225,parent=86842]
2022-04-06 01:40:07.586 DEBUG content 98678 _a-0000e7ec-cf62-8000-9bf8-011c48011c48_2335225 Processing reference: Constant.forum
2022-04-06 01:40:07.587 DEBUG content 98678 _a-0000e7ec-cf62-8000-9bf8-011c48011c48_2335225 Processing reference: Constant.parent
2022-04-06 01:40:07.59 DEBUG content 98678 _a-0000e7ec-cf62-8000-9bf8-011c48011c48_2335225 Processing reference: com.appiancorp.suiteapi.content.ContentRoleMap@ad19401[
  ContentRole[name=readers,inherit=true,allowForAll=false]
  ContentRole[name=authors,inherit=true,allowForAll=false]
  ContentRole[name=administrators,inherit=true,allowForAll=false]
  ContentRole[name=denyReaders,inherit=false,allowForAll=false]
  ContentRole[name=denyAuthors,inherit=false,allowForAll=false]
  ContentRole[name=denyAdministrators,inherit=false,allowForAll=false]
  securityVector=15:SEC_PUBLIC=true,SEC_CREATOR_ADMIN=false,SEC_INH_ADMIN=true,SEC_INH_EDITOR=true,SEC_INH_VIEWER=true,SEC_ALL_ADMIN=false,SEC_ALL_EDITOR=false,SEC_ALL_VIEWER=false
]
2022-04-06 01:40:07.59 DEBUG content 98678 _a-0000e7ec-cf62-8000-9bf8-011c48011c48_2335225 Processing reference: ContentRole[name=readers,inherit=true,allowForAll=false]
2022-04-06 01:40:07.59 DEBUG content 98678 _a-0000e7ec-cf62-8000-9bf8-011c48011c48_2335225 Processing reference: ContentRole[name=authors,inherit=true,allowForAll=false]
2022-04-06 01:40:07.59 DEBUG content 98678 _a-0000e7ec-cf62-8000-9bf8-011c48011c48_2335225 Processing reference: ContentRole[name=administrators,inherit=true,allowForAll=false]
2022-04-06 01:40:07.59 DEBUG content 98678 _a-0000e7ec-cf62-8000-9bf8-011c48011c48_2335225 Processing reference: ContentRole[name=denyReaders,inherit=false,allowForAll=false]
2022-04-06 01:40:07.59 DEBUG content 98678 _a-0000e7ec-cf62-8000-9bf8-011c48011c48_2335225 Processing reference: ContentRole[name=denyAuthors,inherit=false,allowForAll=false]
2022-04-06 01:40:07.59 DEBUG content 98678 _a-0000e7ec-cf62-8000-9bf8-011c48011c48_2335225 Processing reference: ContentRole[name=denyAdministrators,inherit=false,allowForAll=false]
2022-04-06 01:40:07.59 DEBUG content 98678 _a-0000e7ec-cf62-8000-9bf8-011c48011c48_2335225 Completing produce.
2022-04-06 01:40:07.59 DEBUG content 98678 _a-0000e7ec-cf62-8000-9bf8-011c48011c48_2335225 Exporting binary resources.
2022-04-06 01:40:07.59 DEBUG content 98678 _a-0000e7ec-cf62-8000-9bf8-011c48011c48_2335225 Serializing object to XML.
2022-04-06 01:40:07.592 DEBUG content 98678 _a-0000e7ec-cf62-8000-9bf8-011c48011c48_2335225 Object transported.
2022-04-06 01:40:07.592 DEBUG content 98819 _a-0000e7ec-cf62-8000-9bf8-011c48011c48_2338478 Begin transport.
2022-04-06 01:40:07.593 DEBUG content 98819 _a-0000e7ec-cf62-8000-9bf8-011c48011c48_2338478 Retrieving object data.
2022-04-06 01:40:07.601 DEBUG content 98819 _a-0000e7ec-cf62-8000-9bf8-011c48011c48_2338478 Setting uuids of object references.
2022-04-06 01:40:07.601 DEBUG content 98819 _a-0000e7ec-cf62-8000-9bf8-011c48011c48_2338478 Processing reference: [Content:id=98819,versionId=-1,name=ICP_TEXT_LOOKUP_VALUE_REMINDER_TYPE_STAGE_COMPLETION_REMINDER,type=32,subtype=0,uuid=_a-0000e7ec-cf62-8000-9bf8-011c48011c48_2338478,parent=86842]
2022-04-06 01:40:07.601 DEBUG content 98819 _a-0000e7ec-cf62-8000-9bf8-011c48011c48_2338478 Processing reference: Constant.forum
2022-04-06 01:40:07.601 DEBUG content 98819 _a-0000e7ec-cf62-8000-9bf8-011c48011c48_2338478 Processing reference: Constant.parent
2022-04-06 01:40:07.604 DEBUG content 98819 _a-0000e7ec-cf62-8000-9bf8-011c48011c48_2338478 Processing reference: com.appiancorp.suiteapi.content.ContentRoleMap@685089e5[
  ContentRole[name=readers,inherit=true,allowForAll=false]
  ContentRole[name=authors,inherit=true,allowForAll=false]
  ContentRole[name=administrators,inherit=true,allowForAll=false]
  ContentRole[name=denyReaders,inherit=false,allowForAll=false]
  ContentRole[name=denyAuthors,inherit=false,allowForAll=false]
  ContentRole[name=denyAdministrators,inherit=false,allowForAll=false]
  securityVector=15:SEC_PUBLIC=true,SEC_CREATOR_ADMIN=false,SEC_INH_ADMIN=true,SEC_INH_EDITOR=true,SEC_INH_VIEWER=true,SEC_ALL_ADMIN=false,SEC_ALL_EDITOR=false,SEC_ALL_VIEWER=false
]
2022-04-06 01:40:07.604 DEBUG content 98819 _a-0000e7ec-cf62-8000-9bf8-011c48011c48_2338478 Processing reference: ContentRole[name=readers,inherit=true,allowForAll=false]
2022-04-06 01:40:07.604 DEBUG content 98819 _a-0000e7ec-cf62-8000-9bf8-011c48011c48_2338478 Processing reference: ContentRole[name=authors,inherit=true,allowForAll=false]
2022-04-06 01:40:07.604 DEBUG content 98819 _a-0000e7ec-cf62-8000-9bf8-011c48011c48_2338478 Processing reference: ContentRole[name=administrators,inherit=true,allowForAll=false]
2022-04-06 01:40:07.604 DEBUG content 98819 _a-0000e7ec-cf62-8000-9bf8-011c48011c48_2338478 Processing reference: ContentRole[name=denyReaders,inherit=false,allowForAll=false]
2022-04-06 01:40:07.604 DEBUG content 98819 _a-0000e7ec-cf62-8000-9bf8-011c48011c48_2338478 Processing reference: ContentRole[name=denyAuthors,inherit=false,allowForAll=false]
2022-04-06 01:40:07.604 DEBUG content 98819 _a-0000e7ec-cf62-8000-9bf8-011c48011c48_2338478 Processing reference: ContentRole[name=denyAdministrators,inherit=false,allowForAll=false]
2022-04-06 01:40:07.605 DEBUG content 98819 _a-0000e7ec-cf62-8000-9bf8-011c48011c48_2338478 Completing produce.
2022-04-06 01:40:07.605 DEBUG content 98819 _a-0000e7ec-cf62-8000-9bf8-011c48011c48_2338478 Exporting binary resources.
2022-04-06 01:40:07.605 DEBUG content 98819 _a-0000e7ec-cf62-8000-9bf8-011c48011c48_2338478 Serializing object to XML.
2022-04-06 01:40:07.607 DEBUG content 98819 _a-0000e7ec-cf62-8000-9bf8-011c48011c48_2338478 Object transported.
2022-04-06 01:40:07.607 DEBUG content 99018 _a-0000e7ec-cf62-8000-9bf8-011c48011c48_2341523 Begin transport.
2022-04-06 01:40:07.607 DEBUG content 99018 _a-0000e7ec-cf62-8000-9bf8-011c48011c48_2341523 Retrieving object data.
2022-04-06 01:40:07.615 DEBUG content 99018 _a-0000e7ec-cf62-8000-9bf8-011c48011c48_2341523 Setting uuids of object references.
2022-04-06 01:40:07.615 DEBUG content 99018 _a-0000e7ec-cf62-8000-9bf8-011c48011c48_2341523 Processing reference: [Content:id=98985,versionId=-1,name=ICP_emailBodySiteURL,type=32,subtype=1,uuid=_a-0000e7ec-cf62-8000-9bf8-011c48011c48_2341523,parent=86837]
2022-04-06 01:40:07.621 DEBUG content 99018 _a-0000e7ec-cf62-8000-9bf8-011c48011c48_2341523 Processing reference: FreeformRule.forum
2022-04-06 01:40:07.622 DEBUG content 99018 _a-0000e7ec-cf62-8000-9bf8-011c48011c48_2341523 Processing reference: FreeformRule.parent
2022-04-06 01:40:07.624 DEBUG content 99018 _a-0000e7ec-cf62-8000-9bf8-011c48011c48_2341523 Processing reference: com.appiancorp.suiteapi.content.ContentRoleMap@18ae783d[
  ContentRole[name=readers,inherit=true,allowForAll=false]
  ContentRole[name=authors,inherit=true,allowForAll=false]
  ContentRole[name=administrators,inherit=true,allowForAll=false]
  ContentRole[name=denyReaders,inherit=false,allowForAll=false]
  ContentRole[name=denyAuthors,inherit=false,allowForAll=false]
  ContentRole[name=denyAdministrators,inherit=false,allowForAll=false]
  securityVector=15:SEC_PUBLIC=true,SEC_CREATOR_ADMIN=false,SEC_INH_ADMIN=true,SEC_INH_EDITOR=true,SEC_INH_VIEWER=true,SEC_ALL_ADMIN=false,SEC_ALL_EDITOR=false,SEC_ALL_VIEWER=false
]
2022-04-06 01:40:07.624 DEBUG content 99018 _a-0000e7ec-cf62-8000-9bf8-011c48011c48_2341523 Processing reference: ContentRole[name=readers,inherit=true,allowForAll=false]
2022-04-06 01:40:07.625 DEBUG content 99018 _a-0000e7ec-cf62-8000-9bf8-011c48011c48_2341523 Processing reference: ContentRole[name=authors,inherit=true,allowForAll=false]
2022-04-06 01:40:07.625 DEBUG content 99018 _a-0000e7ec-cf62-8000-9bf8-011c48011c48_2341523 Processing reference: ContentRole[name=administrators,inherit=true,allowForAll=false]
2022-04-06 01:40:07.625 DEBUG content 99018 _a-0000e7ec-cf62-8000-9bf8-011c48011c48_2341523 Processing reference: ContentRole[name=denyReaders,inherit=false,allowForAll=false]
2022-04-06 01:40:07.625 DEBUG content 99018 _a-0000e7ec-cf62-8000-9bf8-011c48011c48_2341523 Processing reference: ContentRole[name=denyAuthors,inherit=false,allowForAll=false]
2022-04-06 01:40:07.625 DEBUG content 99018 _a-0000e7ec-cf62-8000-9bf8-011c48011c48_2341523 Processing reference: ContentRole[name=denyAdministrators,inherit=false,allowForAll=false]
2022-04-06 01:40:07.625 DEBUG content 99018 _a-0000e7ec-cf62-8000-9bf8-011c48011c48_2341523 Completing produce.
2022-04-06 01:40:07.625 DEBUG content 99018 _a-0000e7ec-cf62-8000-9bf8-011c48011c48_2341523 Exporting binary resources.
2022-04-06 01:40:07.625 DEBUG content 99018 _a-0000e7ec-cf62-8000-9bf8-011c48011c48_2341523 Serializing object to XML.
2022-04-06 01:40:07.625 DEBUG content 99018 _a-0000e7ec-cf62-8000-9bf8-011c48011c48_2341523 Object transported.
2022-04-06 01:40:07.625 DEBUG content 99457 _a-0000e7ec-cf62-8000-9bf8-011c48011c48_2353262 Begin transport.
2022-04-06 01:40:07.625 DEBUG content 99457 _a-0000e7ec-cf62-8000-9bf8-011c48011c48_2353262 Retrieving object data.
2022-04-06 01:40:07.633 DEBUG content 99457 _a-0000e7ec-cf62-8000-9bf8-011c48011c48_2353262 Setting uuids of object references.
2022-04-06 01:40:07.633 DEBUG content 99457 _a-0000e7ec-cf62-8000-9bf8-011c48011c48_2353262 Processing reference: [Content:id=99457,versionId=-1,name=ICP_TEXT_LOOKUP_VALUE_REMINDER_TYPE_TASK_OVERDUE_REMINDER,type=32,subtype=0,uuid=_a-0000e7ec-cf62-8000-9bf8-011c48011c48_2353262,parent=86842]
2022-04-06 01:40:07.634 DEBUG content 99457 _a-0000e7ec-cf62-8000-9bf8-011c48011c48_2353262 Processing reference: Constant.forum
2022-04-06 01:40:07.634 DEBUG content 99457 _a-0000e7ec-cf62-8000-9bf8-011c48011c48_2353262 Processing reference: Constant.parent
2022-04-06 01:40:07.636 DEBUG content 99457 _a-0000e7ec-cf62-8000-9bf8-011c48011c48_2353262 Processing reference: com.appiancorp.suiteapi.content.ContentRoleMap@3be9953f[
  ContentRole[name=readers,inherit=true,allowForAll=false]
  ContentRole[name=authors,inherit=true,allowForAll=false]
  ContentRole[name=administrators,inherit=true,allowForAll=false]
  ContentRole[name=denyReaders,inherit=false,allowForAll=false]
  ContentRole[name=denyAuthors,inherit=false,allowForAll=false]
  ContentRole[name=denyAdministrators,inherit=false,allowForAll=false]
  securityVector=15:SEC_PUBLIC=true,SEC_CREATOR_ADMIN=false,SEC_INH_ADMIN=true,SEC_INH_EDITOR=true,SEC_INH_VIEWER=true,SEC_ALL_ADMIN=false,SEC_ALL_EDITOR=false,SEC_ALL_VIEWER=false
]
2022-04-06 01:40:07.636 DEBUG content 99457 _a-0000e7ec-cf62-8000-9bf8-011c48011c48_2353262 Processing reference: ContentRole[name=readers,inherit=true,allowForAll=false]
2022-04-06 01:40:07.637 DEBUG content 99457 _a-0000e7ec-cf62-8000-9bf8-011c48011c48_2353262 Processing reference: ContentRole[name=authors,inherit=true,allowForAll=false]
2022-04-06 01:40:07.637 DEBUG content 99457 _a-0000e7ec-cf62-8000-9bf8-011c48011c48_2353262 Processing reference: ContentRole[name=administrators,inherit=true,allowForAll=false]
2022-04-06 01:40:07.637 DEBUG content 99457 _a-0000e7ec-cf62-8000-9bf8-011c48011c48_2353262 Processing reference: ContentRole[name=denyReaders,inherit=false,allowForAll=false]
2022-04-06 01:40:07.637 DEBUG content 99457 _a-0000e7ec-cf62-8000-9bf8-011c48011c48_2353262 Processing reference: ContentRole[name=denyAuthors,inherit=false,allowForAll=false]
2022-04-06 01:40:07.637 DEBUG content 99457 _a-0000e7ec-cf62-8000-9bf8-011c48011c48_2353262 Processing reference: ContentRole[name=denyAdministrators,inherit=false,allowForAll=false]
2022-04-06 01:40:07.637 DEBUG content 99457 _a-0000e7ec-cf62-8000-9bf8-011c48011c48_2353262 Completing produce.
2022-04-06 01:40:07.637 DEBUG content 99457 _a-0000e7ec-cf62-8000-9bf8-011c48011c48_2353262 Exporting binary resources.
2022-04-06 01:40:07.637 DEBUG content 99457 _a-0000e7ec-cf62-8000-9bf8-011c48011c48_2353262 Serializing object to XML.
2022-04-06 01:40:07.639 DEBUG content 99457 _a-0000e7ec-cf62-8000-9bf8-011c48011c48_2353262 Object transported.
2022-04-06 01:40:07.639 DEBUG content 99459 _a-0000e7ec-cf62-8000-9bf8-011c48011c48_2353280 Begin transport.
2022-04-06 01:40:07.639 DEBUG content 99459 _a-0000e7ec-cf62-8000-9bf8-011c48011c48_2353280 Retrieving object data.
2022-04-06 01:40:07.646 DEBUG content 99459 _a-0000e7ec-cf62-8000-9bf8-011c48011c48_2353280 Setting uuids of object references.
2022-04-06 01:40:07.646 DEBUG content 99459 _a-0000e7ec-cf62-8000-9bf8-011c48011c48_2353280 Processing reference: [Content:id=99459,versionId=-1,name=ICP_TEXT_LOOKUP_VALUE_REMINDER_TYPE_TASK_COMPLETION_REMINDER,type=32,subtype=0,uuid=_a-0000e7ec-cf62-8000-9bf8-011c48011c48_2353280,parent=86842]
2022-04-06 01:40:07.646 DEBUG content 99459 _a-0000e7ec-cf62-8000-9bf8-011c48011c48_2353280 Processing reference: Constant.forum
2022-04-06 01:40:07.647 DEBUG content 99459 _a-0000e7ec-cf62-8000-9bf8-011c48011c48_2353280 Processing reference: Constant.parent
2022-04-06 01:40:07.649 DEBUG content 99459 _a-0000e7ec-cf62-8000-9bf8-011c48011c48_2353280 Processing reference: com.appiancorp.suiteapi.content.ContentRoleMap@2b10e236[
  ContentRole[name=readers,inherit=true,allowForAll=false]
  ContentRole[name=authors,inherit=true,allowForAll=false]
  ContentRole[name=administrators,inherit=true,allowForAll=false]
  ContentRole[name=denyReaders,inherit=false,allowForAll=false]
  ContentRole[name=denyAuthors,inherit=false,allowForAll=false]
  ContentRole[name=denyAdministrators,inherit=false,allowForAll=false]
  securityVector=15:SEC_PUBLIC=true,SEC_CREATOR_ADMIN=false,SEC_INH_ADMIN=true,SEC_INH_EDITOR=true,SEC_INH_VIEWER=true,SEC_ALL_ADMIN=false,SEC_ALL_EDITOR=false,SEC_ALL_VIEWER=false
]
2022-04-06 01:40:07.649 DEBUG content 99459 _a-0000e7ec-cf62-8000-9bf8-011c48011c48_2353280 Processing reference: ContentRole[name=readers,inherit=true,allowForAll=false]
2022-04-06 01:40:07.649 DEBUG content 99459 _a-0000e7ec-cf62-8000-9bf8-011c48011c48_2353280 Processing reference: ContentRole[name=authors,inherit=true,allowForAll=false]
2022-04-06 01:40:07.649 DEBUG content 99459 _a-0000e7ec-cf62-8000-9bf8-011c48011c48_2353280 Processing reference: ContentRole[name=administrators,inherit=true,allowForAll=false]
2022-04-06 01:40:07.649 DEBUG content 99459 _a-0000e7ec-cf62-8000-9bf8-011c48011c48_2353280 Processing reference: ContentRole[name=denyReaders,inherit=false,allowForAll=false]
2022-04-06 01:40:07.649 DEBUG content 99459 _a-0000e7ec-cf62-8000-9bf8-011c48011c48_2353280 Processing reference: ContentRole[name=denyAuthors,inherit=false,allowForAll=false]
2022-04-06 01:40:07.649 DEBUG content 99459 _a-0000e7ec-cf62-8000-9bf8-011c48011c48_2353280 Processing reference: ContentRole[name=denyAdministrators,inherit=false,allowForAll=false]
2022-04-06 01:40:07.649 DEBUG content 99459 _a-0000e7ec-cf62-8000-9bf8-011c48011c48_2353280 Completing produce.
2022-04-06 01:40:07.649 DEBUG content 99459 _a-0000e7ec-cf62-8000-9bf8-011c48011c48_2353280 Exporting binary resources.
2022-04-06 01:40:07.649 DEBUG content 99459 _a-0000e7ec-cf62-8000-9bf8-011c48011c48_2353280 Serializing object to XML.
2022-04-06 01:40:07.651 DEBUG content 99459 _a-0000e7ec-cf62-8000-9bf8-011c48011c48_2353280 Object transported.
2022-04-06 01:40:07.651 DEBUG content 99597 _a-0000e7ec-cf62-8000-9bf8-011c48011c48_2355300 Begin transport.
2022-04-06 01:40:07.651 DEBUG content 99597 _a-0000e7ec-cf62-8000-9bf8-011c48011c48_2355300 Retrieving object data.
2022-04-06 01:40:07.66 DEBUG content 99597 _a-0000e7ec-cf62-8000-9bf8-011c48011c48_2355300 Setting uuids of object references.
2022-04-06 01:40:07.66 DEBUG content 99597 _a-0000e7ec-cf62-8000-9bf8-011c48011c48_2355300 Processing reference: [Content:id=99576,versionId=-1,name=CP_emailBodyForNotification,type=32,subtype=1,uuid=_a-0000e7ec-cf62-8000-9bf8-011c48011c48_2355300,parent=73737]
2022-04-06 01:40:07.676 DEBUG content 99597 _a-0000e7ec-cf62-8000-9bf8-011c48011c48_2355300 Processing reference: FreeformRule.forum
2022-04-06 01:40:07.677 DEBUG content 99597 _a-0000e7ec-cf62-8000-9bf8-011c48011c48_2355300 Processing reference: TypedVariable[name=notificationName,it=3,v=]
2022-04-06 01:40:07.677 DEBUG content 99597 _a-0000e7ec-cf62-8000-9bf8-011c48011c48_2355300 Processing reference: TypedVariable[name=isReminder,it=26,v=<null>]
2022-04-06 01:40:07.677 DEBUG content 99597 _a-0000e7ec-cf62-8000-9bf8-011c48011c48_2355300 Processing reference: TypedVariable[name=dayCount,it=1,v=<null>]
2022-04-06 01:40:07.677 DEBUG content 99597 _a-0000e7ec-cf62-8000-9bf8-011c48011c48_2355300 Processing reference: FreeformRule.parent
2022-04-06 01:40:07.68 DEBUG content 99597 _a-0000e7ec-cf62-8000-9bf8-011c48011c48_2355300 Processing reference: com.appiancorp.suiteapi.content.ContentRoleMap@7b6a8602[
  ContentRole[name=readers,inherit=true,allowForAll=false]
  ContentRole[name=authors,inherit=true,allowForAll=false]
  ContentRole[name=administrators,inherit=true,allowForAll=false]
  ContentRole[name=denyReaders,inherit=false,allowForAll=false]
  ContentRole[name=denyAuthors,inherit=false,allowForAll=false]
  ContentRole[name=denyAdministrators,inherit=false,allowForAll=false]
  securityVector=15:SEC_PUBLIC=true,SEC_CREATOR_ADMIN=false,SEC_INH_ADMIN=true,SEC_INH_EDITOR=true,SEC_INH_VIEWER=true,SEC_ALL_ADMIN=false,SEC_ALL_EDITOR=false,SEC_ALL_VIEWER=false
]
2022-04-06 01:40:07.68 DEBUG content 99597 _a-0000e7ec-cf62-8000-9bf8-011c48011c48_2355300 Processing reference: ContentRole[name=readers,inherit=true,allowForAll=false]
2022-04-06 01:40:07.68 DEBUG content 99597 _a-0000e7ec-cf62-8000-9bf8-011c48011c48_2355300 Processing reference: ContentRole[name=authors,inherit=true,allowForAll=false]
2022-04-06 01:40:07.68 DEBUG content 99597 _a-0000e7ec-cf62-8000-9bf8-011c48011c48_2355300 Processing reference: ContentRole[name=administrators,inherit=true,allowForAll=false]
2022-04-06 01:40:07.68 DEBUG content 99597 _a-0000e7ec-cf62-8000-9bf8-011c48011c48_2355300 Processing reference: ContentRole[name=denyReaders,inherit=false,allowForAll=false]
2022-04-06 01:40:07.68 DEBUG content 99597 _a-0000e7ec-cf62-8000-9bf8-011c48011c48_2355300 Processing reference: ContentRole[name=denyAuthors,inherit=false,allowForAll=false]
2022-04-06 01:40:07.68 DEBUG content 99597 _a-0000e7ec-cf62-8000-9bf8-011c48011c48_2355300 Processing reference: ContentRole[name=denyAdministrators,inherit=false,allowForAll=false]
2022-04-06 01:40:07.68 DEBUG content 99597 _a-0000e7ec-cf62-8000-9bf8-011c48011c48_2355300 Completing produce.
2022-04-06 01:40:07.68 DEBUG content 99597 _a-0000e7ec-cf62-8000-9bf8-011c48011c48_2355300 Exporting binary resources.
2022-04-06 01:40:07.68 DEBUG content 99597 _a-0000e7ec-cf62-8000-9bf8-011c48011c48_2355300 Serializing object to XML.
2022-04-06 01:40:07.682 DEBUG content 99597 _a-0000e7ec-cf62-8000-9bf8-011c48011c48_2355300 Object transported.
